Using pre-set license
Built from '2020.3/staging' branch; Version is '2020.3.18f1 (a7d1c678663c) revision 10998214'; Using compiler version '192528614'; Build Type 'Release'
OS: 'Windows 10 Education N; OS build 19044.1415; Version 2009; 64bit' Language: 'en' Physical Memory: 32694 MB
BatchMode: 1, IsHumanControllingUs: 0, StartBugReporterOnCrash: 0, Is64bit: 1, IsPro: 0

COMMAND LINE ARGUMENTS:
C:\Program Files\2020.3.6f1\Editor\Unity.exe
-adb2
-batchMode
-noUpm
-name
AssetImportWorker0
-projectPath
C:/Users/Guilherme S Carvalho/Documents/Personal/GAME DEV/Don't Catch COVID
-logFile
Logs/AssetImportWorker0.log
-srvPort
52566
Successfully changed project path to: C:/Users/Guilherme S Carvalho/Documents/Personal/GAME DEV/Don't Catch COVID
C:/Users/Guilherme S Carvalho/Documents/Personal/GAME DEV/Don't Catch COVID
Using Asset Import Pipeline V2.
Refreshing native plugins compatible for Editor in 35.19 ms, found 3 plugins.
Preloading 0 native plugins for Editor in 0.00 ms.
Initialize engine version: 2020.3.18f1 (a7d1c678663c)
[Subsystems] Discovering subsystems at path C:/Program Files/2020.3.6f1/Editor/Data/Resources/UnitySubsystems
[Subsystems] Discovering subsystems at path C:/Users/Guilherme S Carvalho/Documents/Personal/GAME DEV/Don't Catch COVID/Assets
GfxDevice: creating device client; threaded=0
Direct3D:
    Version:  Direct3D 11.0 [level 11.1]
    Renderer: AMD Radeon RX 5700 XT (ID=0x731f)
    Vendor:   
    VRAM:     8151 MB
    Driver:   30.0.13025.5005
Initialize mono
Mono path[0] = 'C:/Program Files/2020.3.6f1/Editor/Data/Managed'
Mono path[1] = 'C:/Program Files/2020.3.6f1/Editor/Data/MonoBleedingEdge/lib/mono/unityjit'
Mono config path = 'C:/Program Files/2020.3.6f1/Editor/Data/MonoBleedingEdge/etc'
Using monoOptions --debugger-agent=transport=dt_socket,embedding=1,server=y,suspend=n,address=127.0.0.1:56908
Begin MonoManager ReloadAssembly
Registering precompiled unity dll's ...
Register platform support module: C:/Program Files/2020.3.6f1/Editor/Data/PlaybackEngines/WindowsStandaloneSupport/UnityEditor.WindowsStandalone.Extensions.dll
Registered in 0.001632 seconds.
Native extension for WindowsStandalone target not found
Refreshing native plugins compatible for Editor in 35.58 ms, found 3 plugins.
Preloading 0 native plugins for Editor in 0.00 ms.
Mono: successfully reloaded assembly
- Completed reload, in  1.026 seconds
Domain Reload Profiling:
	ReloadAssembly (1026ms)
		BeginReloadAssembly (44ms)
			ExecutionOrderSort (0ms)
			DisableScriptedObjects (0ms)
			BackupInstance (0ms)
			ReleaseScriptingObjects (0ms)
			CreateAndSetChildDomain (1ms)
		EndReloadAssembly (339ms)
			LoadAssemblies (42ms)
			RebuildTransferFunctionScriptingTraits (0ms)
			SetupTypeCache (113ms)
			ReleaseScriptCaches (0ms)
			RebuildScriptCaches (32ms)
			SetupLoadedEditorAssemblies (137ms)
				LogAssemblyErrors (0ms)
				InitializePlatformSupportModulesInManaged (3ms)
				SetLoadedEditorAssemblies (0ms)
				RefreshPlugins (36ms)
				BeforeProcessingInitializeOnLoad (10ms)
				ProcessInitializeOnLoadAttributes (65ms)
				ProcessInitializeOnLoadMethodAttributes (22ms)
				AfterProcessingInitializeOnLoad (0ms)
				EditorAssembliesLoaded (0ms)
			ExecutionOrderSort2 (0ms)
			AwakeInstancesAfterBackupRestoration (0ms)
Platform modules already initialized, skipping
Registering precompiled user dll's ...
Registered in 0.002815 seconds.
Begin MonoManager ReloadAssembly
Native extension for WindowsStandalone target not found
Refreshing native plugins compatible for Editor in 34.70 ms, found 3 plugins.
Preloading 0 native plugins for Editor in 0.00 ms.
Mono: successfully reloaded assembly
- Completed reload, in  0.910 seconds
Domain Reload Profiling:
	ReloadAssembly (911ms)
		BeginReloadAssembly (117ms)
			ExecutionOrderSort (0ms)
			DisableScriptedObjects (4ms)
			BackupInstance (0ms)
			ReleaseScriptingObjects (0ms)
			CreateAndSetChildDomain (16ms)
		EndReloadAssembly (741ms)
			LoadAssemblies (71ms)
			RebuildTransferFunctionScriptingTraits (0ms)
			SetupTypeCache (226ms)
			ReleaseScriptCaches (0ms)
			RebuildScriptCaches (48ms)
			SetupLoadedEditorAssemblies (295ms)
				LogAssemblyErrors (0ms)
				InitializePlatformSupportModulesInManaged (3ms)
				SetLoadedEditorAssemblies (0ms)
				RefreshPlugins (35ms)
				BeforeProcessingInitializeOnLoad (71ms)
				ProcessInitializeOnLoadAttributes (170ms)
				ProcessInitializeOnLoadMethodAttributes (11ms)
				AfterProcessingInitializeOnLoad (5ms)
				EditorAssembliesLoaded (0ms)
			ExecutionOrderSort2 (0ms)
			AwakeInstancesAfterBackupRestoration (5ms)
Platform modules already initialized, skipping
========================================================================
Worker process is ready to serve import requests
Launched and connected shader compiler UnityShaderCompiler.exe after 0.04 seconds
Refreshing native plugins compatible for Editor in 0.43 ms, found 3 plugins.
Preloading 0 native plugins for Editor in 0.00 ms.
Unloading 2090 Unused Serialized files (Serialized files now loaded: 0)
System memory in use before: 93.7 MB.
System memory in use after: 93.7 MB.

Unloading 26 unused Assets to reduce memory usage. Loaded Objects now: 2529.
Total: 2.686800 ms (FindLiveObjects: 0.167500 ms CreateObjectMapping: 0.045600 ms MarkObjects: 2.415200 ms  DeleteObjects: 0.057800 ms)

AssetImportParameters requested are different than current active one (requested -> active):
  custom:framework-win-MediaFoundation: 216162199b28c13a410421893ffa2e32 -> 
  custom:video-decoder-ogg-theora: a1e56fd34408186e4bbccfd4996cb3dc -> 
  custom:container-muxer-webm: aa71ff27fc2769a1b78a27578f13a17b -> 
  custom:container-demuxer-webm: 4f35f7cbe854078d1ac9338744f61a02 -> 
  custom:container-demuxer-ogg: 62fdf1f143b41e24485cea50d1cbac27 -> 
  custom:video-encoder-webm-vp8: eb34c28f22e8b96e1ab97ce403110664 -> 
  custom:video-decoder-webm-vp8: 9c59270c3fd7afecdb556c50c9e8de78 -> 
  custom:audio-decoder-ogg-vorbis: bf7c407c2cedff20999df2af8eb42d56 -> 
  custom:audio-encoder-webm-vorbis: bf7c407c2cedff20999df2af8eb42d56 -> 
========================================================================
Received Import Request.
  path: Assets
  artifactKey: Guid(00000000000000001000000000000000) Importer(815301076,1909f56bfc062723c751e8b465ee728b)
Start importing Assets using Guid(00000000000000001000000000000000) Importer(815301076,1909f56bfc062723c751e8b465ee728b)  -> (artifact id: '42d402b061de3733987d63b9cc3b64de') in 0.008568 seconds 
  Import took 0.011323 seconds .

========================================================================
Received Import Request.
  Time since last request: 4.333348 seconds.
  path: Assets/Scripts
  artifactKey: Guid(39f5d51f178c5044ba7cd4453dad78a2) Importer(815301076,1909f56bfc062723c751e8b465ee728b)
Start importing Assets/Scripts using Guid(39f5d51f178c5044ba7cd4453dad78a2) Importer(815301076,1909f56bfc062723c751e8b465ee728b)  -> (artifact id: '0cf6c51e03fe64f71ba86605d08bb2fd') in 0.006294 seconds 
  Import took 0.009090 seconds .

========================================================================
Received Import Request.
  Time since last request: 64.713222 seconds.
  path: Assets/Image
  artifactKey: Guid(82444555f3be8644a9f3f813649f3b07) Importer(815301076,1909f56bfc062723c751e8b465ee728b)
Start importing Assets/Image using Guid(82444555f3be8644a9f3f813649f3b07) Importer(815301076,1909f56bfc062723c751e8b465ee728b)  -> (artifact id: '56787895b8832ebedfeb69271c425e5e') in 0.006681 seconds 
  Import took 0.009666 seconds .

========================================================================
Received Import Request.
  Time since last request: 1.403613 seconds.
  path: Assets/Image/Fantom.png
  artifactKey: Guid(70cce9aceff90ed4db44194e6d3cd670) Importer(815301076,1909f56bfc062723c751e8b465ee728b)
Start importing Assets/Image/Fantom.png using Guid(70cce9aceff90ed4db44194e6d3cd670) Importer(815301076,1909f56bfc062723c751e8b465ee728b)  -> (artifact id: '32fc2130a26d60e1fb5350a840ee1fec') in 0.101611 seconds 
  Import took 0.104578 seconds .

========================================================================
Received Import Request.
  Time since last request: 2.118197 seconds.
  path: Assets/Image/Art
  artifactKey: Guid(3c780b7f84375d545b57dac527b70435) Importer(815301076,1909f56bfc062723c751e8b465ee728b)
Start importing Assets/Image/Art using Guid(3c780b7f84375d545b57dac527b70435) Importer(815301076,1909f56bfc062723c751e8b465ee728b)  -> (artifact id: '6ac3eb5e1084ffde89535c33551dd384') in 0.006215 seconds 
  Import took 0.009084 seconds .

========================================================================
Received Import Request.
  Time since last request: 15.880166 seconds.
  path: Assets/Image/Art/Fantom.png
  artifactKey: Guid(70cce9aceff90ed4db44194e6d3cd670) Importer(815301076,1909f56bfc062723c751e8b465ee728b)
Start importing Assets/Image/Art/Fantom.png using Guid(70cce9aceff90ed4db44194e6d3cd670) Importer(815301076,1909f56bfc062723c751e8b465ee728b)  -> (artifact id: '29e3092402a7be074c9a7c13c40c94db') in 0.008847 seconds 
  Import took 0.011812 seconds .

========================================================================
Received Import Request.
  Time since last request: 10.381901 seconds.
  path: Assets/Image/Art/Fantom.png
  artifactKey: Guid(70cce9aceff90ed4db44194e6d3cd670) Importer(815301076,1909f56bfc062723c751e8b465ee728b)
Start importing Assets/Image/Art/Fantom.png using Guid(70cce9aceff90ed4db44194e6d3cd670) Importer(815301076,1909f56bfc062723c751e8b465ee728b)  -> (artifact id: '112c9b273f0b4399fbb8c9587a1bf879') in 0.028719 seconds 
  Import took 0.031670 seconds .

AssetImportWorkerClient::OnTransportError - code=2 error=End of file
